#
# A fatal error has been detected by the Java Runtime Environment:
#
#  EXCEPTION_ACCESS_VIOLATION (0xc0000005) at pc=0x0000000055a987d4, pid=24100, tid=0x0000000000001b04
#
# JRE version: OpenJDK Runtime Environment (8.0_76-b03) (build 1.8.0_76-release-b03)
# Java VM: OpenJDK 64-Bit Server VM (25.76-b03 mixed mode windows-amd64 compressed oops)
# Problematic frame:
# V  [jvm.dll+0x4d87d4]
#
# Failed to write core dump. Minidumps are not enabled by default on client versions of Windows
#
# If you would like to submit a bug report, please visit:
#   http://bugreport.java.com/bugreport/crash.jsp
#

---------------  T H R E A D  ---------------

Current thread (0x000000001c360000):  JavaThread "C2 CompilerThread1" daemon [_thread_in_native, id=6916, stack(0x000000001daa0000,0x000000001dba0000)]

siginfo: ExceptionCode=0xc0000005, reading address 0x000000001f1f7ff8

Registers:
RAX=0x000000000000008d, RBX=0x0000000000000000, RCX=0x00000000221fae40, RDX=0x000000001f1f7ff8
RSP=0x000000001db9bd40, RBP=0x000000001db9be40, RSI=0x0000000000000000, RDI=0x0000000024d3cf98
R8 =0x000000001f26c798, R9 =0x00000000227e66f0, R10=0x0000000000000002, R11=0x0000000000000294
R12=0x0000000024d3cf98, R13=0x0000000000000001, R14=0x0000000021b216c0, R15=0x00000000227e6698
RIP=0x0000000055a987d4, EFLAGS=0x0000000000010212

Top of Stack: (sp=0x000000001db9bd40)
0x000000001db9bd40:   0000000024d3cf98 0000000000000041
0x000000001db9bd50:   000000001db9be40 0000000000000002
0x000000001db9bd60:   0000000000000018 0000000000001049
0x000000001db9bd70:   0000000000000000 000000002374dd00
0x000000001db9bd80:   000000001db9c040 0000000000000041
0x000000001db9bd90:   0000000000000005 0000000024f9c090
0x000000001db9bda0:   0000000000000002 0000000000000001
0x000000001db9bdb0:   0000000000000000 00000001000000a5
0x000000001db9bdc0:   00000d5c00000000 000000001db9c110
0x000000001db9bdd0:   000000000000000f 000000001e8354a0
0x000000001db9bde0:   0000000000000002 00000d5c000000a5
0x000000001db9bdf0:   000000001db9c110 000000000000000f
0x000000001db9be00:   000000001e831f30 0000000000000000
0x000000001db9be10:   000000002197bc80 000000001e548f40
0x000000001db9be20:   0000000000000000 00000000000003d8
0x000000001db9be30:   000000001e549318 000000001e548f30 

Instructions: (pc=0x0000000055a987d4)
0x0000000055a987b4:   e9 48 85 c9 74 2b 4c 8b 41 10 4d 85 c0 74 22 8b
0x0000000055a987c4:   41 20 49 8d 14 c0 66 0f 1f 44 00 00 48 83 ea 08
0x0000000055a987d4:   4c 39 3a 75 f7 ff c8 89 41 20 49 8b 0c c0 48 89
0x0000000055a987e4:   0a 4f 89 34 e9 49 83 7e 10 00 74 22 41 8b 56 20 


Register to memory mapping:

RAX=0x000000000000008d is an unknown value
RBX=0x0000000000000000 is an unknown value
RCX=0x00000000221fae40 is an unknown value
RDX=0x000000001f1f7ff8 is an unknown value
RSP=0x000000001db9bd40 is pointing into the stack for thread: 0x000000001c360000
RBP=0x000000001db9be40 is pointing into the stack for thread: 0x000000001c360000
RSI=0x0000000000000000 is an unknown value
RDI=0x0000000024d3cf98 is an unknown value
R8 =0x000000001f26c798 is an unknown value
R9 =0x00000000227e66f0 is an unknown value
R10=0x0000000000000002 is an unknown value
R11=0x0000000000000294 is an unknown value
R12=0x0000000024d3cf98 is an unknown value
R13=0x0000000000000001 is an unknown value
R14=0x0000000021b216c0 is an unknown value
R15=0x00000000227e6698 is an unknown value


Stack: [0x000000001daa0000,0x000000001dba0000],  sp=0x000000001db9bd40,  free space=1007k
Native frames: (J=compiled Java code, j=interpreted, Vv=VM code, C=native code)
V  [jvm.dll+0x4d87d4]
V  [jvm.dll+0x42ea06]
V  [jvm.dll+0x43931b]
V  [jvm.dll+0x43badf]
V  [jvm.dll+0x41f212]
V  [jvm.dll+0x806e9]
V  [jvm.dll+0x8101f]
V  [jvm.dll+0x21bc14]
V  [jvm.dll+0x26b60a]
C  [msvcr100.dll+0x21d9f]
C  [msvcr100.dll+0x21e3b]
C  [KERNEL32.DLL+0x12d92]
C  [ntdll.dll+0x9f64]


Current CompileTask:
C2:  54659 7012   !   4       java.beans.PropertyDescriptor::findPropertyType (188 bytes)


---------------  P R O C E S S  ---------------

Java Threads: ( => current thread )
  0x000000001e9b5800 JavaThread "File lock request listener" [_thread_in_native, id=9044, stack(0x0000000021c60000,0x0000000021d60000)]
  0x000000001e670000 JavaThread "Stdin handler" [_thread_blocked, id=6052, stack(0x0000000020990000,0x0000000020a90000)]
  0x000000001f08e800 JavaThread "Asynchronous log dispatcher for org.gradle.launcher.daemon.server.DefaultDaemonConnection@3581da22" [_thread_blocked, id=20312, stack(0x0000000020890000,0x0000000020990000)]
  0x000000001e53c800 JavaThread "Daemon worker" [_thread_in_Java, id=15920, stack(0x0000000020790000,0x0000000020890000)]
  0x000000001e552800 JavaThread "Cancel handler" [_thread_blocked, id=11736, stack(0x0000000020690000,0x0000000020790000)]
  0x000000001e5eb800 JavaThread "Handler for socket connection from /127.0.0.1:64278 to /127.0.0.1:64286" [_thread_in_native, id=15900, stack(0x0000000020590000,0x0000000020690000)]
  0x000000001e5eb000 JavaThread "pool-1-thread-1" [_thread_blocked, id=9496, stack(0x0000000020490000,0x0000000020590000)]
  0x000000001e5ee000 JavaThread "Daemon" [_thread_blocked, id=21704, stack(0x0000000020390000,0x0000000020490000)]
  0x000000001ecc7800 JavaThread "Incoming local TCP Connector on port 64278" [_thread_in_native, id=17400, stack(0x000000001ffb0000,0x00000000200b0000)]
  0x000000001dca4000 JavaThread "Service Thread" daemon [_thread_blocked, id=9396, stack(0x000000001e0a0000,0x000000001e1a0000)]
  0x000000001c3bc000 JavaThread "C1 CompilerThread2" daemon [_thread_in_native, id=19772, stack(0x000000001dba0000,0x000000001dca0000)]
=>0x000000001c360000 JavaThread "C2 CompilerThread1" daemon [_thread_in_native, id=6916, stack(0x000000001daa0000,0x000000001dba0000)]
  0x000000001c35c800 JavaThread "C2 CompilerThread0" daemon [_thread_in_native, id=2528, stack(0x000000001d9a0000,0x000000001daa0000)]
  0x000000001c35b000 JavaThread "Attach Listener" daemon [_thread_blocked, id=2276, stack(0x000000001d8a0000,0x000000001d9a0000)]
  0x000000001c35a000 JavaThread "Signal Dispatcher" daemon [_thread_blocked, id=9736, stack(0x000000001d7a0000,0x000000001d8a0000)]
  0x000000001c348800 JavaThread "Finalizer" daemon [_thread_blocked, id=18480, stack(0x000000001d5c0000,0x000000001d6c0000)]
  0x0000000002c31000 JavaThread "Reference Handler" daemon [_thread_blocked, id=16148, stack(0x000000001d4c0000,0x000000001d5c0000)]
  0x00000000028be800 JavaThread "main" [_thread_blocked, id=23472, stack(0x0000000002a40000,0x0000000002b40000)]

Other Threads:
  0x000000001c326800 VMThread [stack: 0x000000001d3c0000,0x000000001d4c0000] [id=1216]
  0x000000001dca5000 WatcherThread [stack: 0x000000001e1a0000,0x000000001e2a0000] [id=7080]

VM state:not at safepoint (normal execution)

VM Mutex/Monitor currently owned by a thread: None

Heap:
 PSYoungGen      total 114176K, used 63459K [0x000000076ab00000, 0x0000000772700000, 0x00000007c0000000)
  eden space 100864K, 62% used [0x000000076ab00000,0x000000076e8f8ff0,0x0000000770d80000)
  from space 13312K, 0% used [0x0000000771a00000,0x0000000771a00000,0x0000000772700000)
  to   space 12800K, 0% used [0x0000000770d80000,0x0000000770d80000,0x0000000771a00000)
 ParOldGen       total 91136K, used 42365K [0x00000006c0000000, 0x00000006c5900000, 0x000000076ab00000)
  object space 91136K, 46% used [0x00000006c0000000,0x00000006c295f468,0x00000006c5900000)
 Metaspace       used 59249K, capacity 61000K, committed 61056K, reserved 1101824K
  class space    used 7861K, capacity 8264K, committed 8320K, reserved 1048576K

Card table byte_map: [0x0000000012000000,0x0000000012810000] byte_map_base: 0x000000000ea00000

Marking Bits: (ParMarkBitMap*) 0x0000000055d79d00
 Begin Bits: [0x0000000013170000, 0x0000000017170000)
 End Bits:   [0x0000000017170000, 0x000000001b170000)

Polling page: 0x00000000028a0000

CodeCache: size=245760Kb used=21939Kb max_used=21939Kb free=223820Kb
 bounds [0x0000000002c40000, 0x00000000041d0000, 0x0000000011c40000]
 total_blobs=7038 nmethods=6245 adapters=705
 compilation: enabled

Compilation events (10 events):
Event: 54.537 Thread 0x000000001c3bc000 7059       3       groovy.lang.MetaClassImpl::getVersion (11 bytes)
Event: 54.538 Thread 0x000000001c3bc000 nmethod 7059 0x0000000004197e90 code [0x0000000004197fe0, 0x0000000004198170]
Event: 54.543 Thread 0x000000001c3bc000 7060       3       org.codehaus.groovy.runtime.MetaClassHelper::capitalize (64 bytes)
Event: 54.545 Thread 0x000000001c3bc000 nmethod 7060 0x0000000004198250 code [0x0000000004198560, 0x0000000004199d18]
Event: 54.553 Thread 0x000000001c3bc000 7061       3       org.codehaus.groovy.runtime.InvokerHelper::getMetaClass (28 bytes)
Event: 54.554 Thread 0x000000001c3bc000 nmethod 7061 0x000000000419a810 code [0x000000000419aac0, 0x000000000419c0f8]
Event: 54.554 Thread 0x000000001c3bc000 7062       3       org.codehaus.groovy.runtime.typehandling.DefaultTypeTransformation::castToType (143 bytes)
Event: 54.555 Thread 0x000000001c3bc000 nmethod 7062 0x000000000419ce90 code [0x000000000419d180, 0x000000000419e5f8]
Event: 54.555 Thread 0x000000001c3bc000 7063       3       org.codehaus.groovy.runtime.callsite.AbstractCallSite::callGetProperty (12 bytes)
Event: 54.555 Thread 0x000000001c3bc000 nmethod 7063 0x000000000419ebd0 code [0x000000000419ed40, 0x000000000419f018]

GC Heap History (10 events):
Event: 46.054 GC heap before
{Heap before GC invocations=17 (full 2):
 PSYoungGen      total 66048K, used 63170K [0x000000076ab00000, 0x000000076f980000, 0x00000007c0000000)
  eden space 54272K, 100% used [0x000000076ab00000,0x000000076e000000,0x000000076e000000)
  from space 11776K, 75% used [0x000000076ec00000,0x000000076f4b0a98,0x000000076f780000)
  to   space 12288K, 0% used [0x000000076e000000,0x000000076e000000,0x000000076ec00000)
 ParOldGen       total 52736K, used 18057K [0x00000006c0000000, 0x00000006c3380000, 0x000000076ab00000)
  object space 52736K, 34% used [0x00000006c0000000,0x00000006c11a2510,0x00000006c3380000)
 Metaspace       used 48533K, capacity 49670K, committed 49920K, reserved 1091584K
  class space    used 6494K, capacity 6795K, committed 6912K, reserved 1048576K
Event: 46.066 GC heap after
Heap after GC invocations=17 (full 2):
 PSYoungGen      total 66560K, used 11769K [0x000000076ab00000, 0x0000000771400000, 0x00000007c0000000)
  eden space 54272K, 0% used [0x000000076ab00000,0x000000076ab00000,0x000000076e000000)
  from space 12288K, 95% used [0x000000076e000000,0x000000076eb7e7c0,0x000000076ec00000)
  to   space 13824K, 0% used [0x0000000770680000,0x0000000770680000,0x0000000771400000)
 ParOldGen       total 52736K, used 19801K [0x00000006c0000000, 0x00000006c3380000, 0x000000076ab00000)
  object space 52736K, 37% used [0x00000006c0000000,0x00000006c1356510,0x00000006c3380000)
 Metaspace       used 48533K, capacity 49670K, committed 49920K, reserved 1091584K
  class space    used 6494K, capacity 6795K, committed 6912K, reserved 1048576K
}
Event: 49.683 GC heap before
{Heap before GC invocations=18 (full 2):
 PSYoungGen      total 66560K, used 66041K [0x000000076ab00000, 0x0000000771400000, 0x00000007c0000000)
  eden space 54272K, 100% used [0x000000076ab00000,0x000000076e000000,0x000000076e000000)
  from space 12288K, 95% used [0x000000076e000000,0x000000076eb7e7c0,0x000000076ec00000)
  to   space 13824K, 0% used [0x0000000770680000,0x0000000770680000,0x0000000771400000)
 ParOldGen       total 52736K, used 19801K [0x00000006c0000000, 0x00000006c3380000, 0x000000076ab00000)
  object space 52736K, 37% used [0x00000006c0000000,0x00000006c1356510,0x00000006c3380000)
 Metaspace       used 50117K, capacity 51502K, committed 51584K, reserved 1093632K
  class space    used 6687K, capacity 7025K, committed 7040K, reserved 1048576K
Event: 49.700 GC heap after
Heap after GC invocations=18 (full 2):
 PSYoungGen      total 89600K, used 6540K [0x000000076ab00000, 0x0000000771180000, 0x00000007c0000000)
  eden space 78336K, 0% used [0x000000076ab00000,0x000000076ab00000,0x000000076f780000)
  from space 11264K, 58% used [0x0000000770680000,0x0000000770ce3360,0x0000000771180000)
  to   space 13312K, 0% used [0x000000076f780000,0x000000076f780000,0x0000000770480000)
 ParOldGen       total 52736K, used 26650K [0x00000006c0000000, 0x00000006c3380000, 0x000000076ab00000)
  object space 52736K, 50% used [0x00000006c0000000,0x00000006c1a06bf8,0x00000006c3380000)
 Metaspace       used 50117K, capacity 51502K, committed 51584K, reserved 1093632K
  class space    used 6687K, capacity 7025K, committed 7040K, reserved 1048576K
}
Event: 52.297 GC heap before
{Heap before GC invocations=19 (full 2):
 PSYoungGen      total 89600K, used 84876K [0x000000076ab00000, 0x0000000771180000, 0x00000007c0000000)
  eden space 78336K, 100% used [0x000000076ab00000,0x000000076f780000,0x000000076f780000)
  from space 11264K, 58% used [0x0000000770680000,0x0000000770ce3360,0x0000000771180000)
  to   space 13312K, 0% used [0x000000076f780000,0x000000076f780000,0x0000000770480000)
 ParOldGen       total 52736K, used 26650K [0x00000006c0000000, 0x00000006c3380000, 0x000000076ab00000)
  object space 52736K, 50% used [0x00000006c0000000,0x00000006c1a06bf8,0x00000006c3380000)
 Metaspace       used 53011K, capacity 54574K, committed 54912K, reserved 1097728K
  class space    used 7104K, capacity 7450K, committed 7552K, reserved 1048576K
Event: 52.311 GC heap after
Heap after GC invocations=19 (full 2):
 PSYoungGen      total 91648K, used 9071K [0x000000076ab00000, 0x0000000772700000, 0x00000007c0000000)
  eden space 78336K, 0% used [0x000000076ab00000,0x000000076ab00000,0x000000076f780000)
  from space 13312K, 68% used [0x000000076f780000,0x000000077005be00,0x0000000770480000)
  to   space 13312K, 0% used [0x0000000771a00000,0x0000000771a00000,0x0000000772700000)
 ParOldGen       total 52736K, used 31151K [0x00000006c0000000, 0x00000006c3380000, 0x000000076ab00000)
  object space 52736K, 59% used [0x00000006c0000000,0x00000006c1e6be50,0x00000006c3380000)
 Metaspace       used 53011K, capacity 54574K, committed 54912K, reserved 1097728K
  class space    used 7104K, capacity 7450K, committed 7552K, reserved 1048576K
}
Event: 52.807 GC heap before
{Heap before GC invocations=20 (full 2):
 PSYoungGen      total 91648K, used 61015K [0x000000076ab00000, 0x0000000772700000, 0x00000007c0000000)
  eden space 78336K, 66% used [0x000000076ab00000,0x000000076ddba0d0,0x000000076f780000)
  from space 13312K, 68% used [0x000000076f780000,0x000000077005be00,0x0000000770480000)
  to   space 13312K, 0% used [0x0000000771a00000,0x0000000771a00000,0x0000000772700000)
 ParOldGen       total 52736K, used 31151K [0x00000006c0000000, 0x00000006c3380000, 0x000000076ab00000)
  object space 52736K, 59% used [0x00000006c0000000,0x00000006c1e6be50,0x00000006c3380000)
 Metaspace       used 57454K, capacity 59010K, committed 59136K, reserved 1099776K
  class space    used 7574K, capacity 7910K, committed 7936K, reserved 1048576K
Event: 52.818 GC heap after
Heap after GC invocations=20 (full 2):
 PSYoungGen      total 114176K, used 6310K [0x000000076ab00000, 0x0000000772700000, 0x00000007c0000000)
  eden space 100864K, 0% used [0x000000076ab00000,0x000000076ab00000,0x0000000770d80000)
  from space 13312K, 47% used [0x0000000771a00000,0x0000000772029bf0,0x0000000772700000)
  to   space 12800K, 0% used [0x0000000770d80000,0x0000000770d80000,0x0000000771a00000)
 ParOldGen       total 52736K, used 38773K [0x00000006c0000000, 0x00000006c3380000, 0x000000076ab00000)
  object space 52736K, 73% used [0x00000006c0000000,0x00000006c25dd508,0x00000006c3380000)
 Metaspace       used 57454K, capacity 59010K, committed 59136K, reserved 1099776K
  class space    used 7574K, capacity 7910K, committed 7936K, reserved 1048576K
}
Event: 52.818 GC heap before
{Heap before GC invocations=21 (full 3):
 PSYoungGen      total 114176K, used 6310K [0x000000076ab00000, 0x0000000772700000, 0x00000007c0000000)
  eden space 100864K, 0% used [0x000000076ab00000,0x000000076ab00000,0x0000000770d80000)
  from space 13312K, 47% used [0x0000000771a00000,0x0000000772029bf0,0x0000000772700000)
  to   space 12800K, 0% used [0x0000000770d80000,0x0000000770d80000,0x0000000771a00000)
 ParOldGen       total 52736K, used 38773K [0x00000006c0000000, 0x00000006c3380000, 0x000000076ab00000)
  object space 52736K, 73% used [0x00000006c0000000,0x00000006c25dd508,0x00000006c3380000)
 Metaspace       used 57454K, capacity 59010K, committed 59136K, reserved 1099776K
  class space    used 7574K, capacity 7910K, committed 7936K, reserved 1048576K
Event: 53.168 GC heap after
Heap after GC invocations=21 (full 3):
 PSYoungGen      total 114176K, used 0K [0x000000076ab00000, 0x0000000772700000, 0x00000007c0000000)
  eden space 100864K, 0% used [0x000000076ab00000,0x000000076ab00000,0x0000000770d80000)
  from space 13312K, 0% used [0x0000000771a00000,0x0000000771a00000,0x0000000772700000)
  to   space 12800K, 0% used [0x0000000770d80000,0x0000000770d80000,0x0000000771a00000)
 ParOldGen       total 91136K, used 42365K [0x00000006c0000000, 0x00000006c5900000, 0x000000076ab00000)
  object space 91136K, 46% used [0x00000006c0000000,0x00000006c295f468,0x00000006c5900000)
 Metaspace       used 57435K, capacity 58988K, committed 59136K, reserved 1099776K
  class space    used 7568K, capacity 7904K, committed 7936K, reserved 1048576K
}

Deoptimization events (10 events):
Event: 53.378 Thread 0x000000001e53c800 Uncommon trap: reason=unstable_if action=reinterpret pc=0x00000000032e6b74 method=java.lang.String.lastIndexOf([CII[CIII)I @ 118
Event: 53.392 Thread 0x000000001e53c800 Uncommon trap: reason=class_check action=maybe_recompile pc=0x0000000003b9e1f0 method=org.gradle.model.internal.type.ModelType.wrap(Ljava/lang/reflect/Type;)Lorg/gradle/model/internal/type/TypeWrapper; @ 33
Event: 53.392 Thread 0x000000001e53c800 Uncommon trap: reason=class_check action=maybe_recompile pc=0x0000000003b9e328 method=org.gradle.model.internal.type.ModelType.wrap(Ljava/lang/reflect/Type;)Lorg/gradle/model/internal/type/TypeWrapper; @ 83
Event: 53.394 Thread 0x000000001e53c800 Uncommon trap: reason=class_check action=maybe_recompile pc=0x0000000003b9e1f0 method=org.gradle.model.internal.type.ModelType.wrap(Ljava/lang/reflect/Type;)Lorg/gradle/model/internal/type/TypeWrapper; @ 33
Event: 53.394 Thread 0x000000001e53c800 Uncommon trap: reason=class_check action=maybe_recompile pc=0x0000000003b9e328 method=org.gradle.model.internal.type.ModelType.wrap(Ljava/lang/reflect/Type;)Lorg/gradle/model/internal/type/TypeWrapper; @ 83
Event: 53.461 Thread 0x000000001e53c800 Uncommon trap: reason=unstable_if action=reinterpret pc=0x0000000003fb4a0c method=java.io.WinNTFileSystem.parentOrNull(Ljava/lang/String;)Ljava/lang/String; @ 76
Event: 53.494 Thread 0x000000001e53c800 Uncommon trap: reason=unstable_if action=reinterpret pc=0x0000000003e63b18 method=org.apache.ivy.core.IvyPatternHelper.substituteTokens(Ljava/lang/String;Ljava/util/Map;)Ljava/lang/String; @ 438
Event: 53.499 Thread 0x000000001e53c800 Uncommon trap: reason=unstable_if action=reinterpret pc=0x0000000003e4c048 method=org.apache.ivy.core.IvyPatternHelper.substituteTokens(Ljava/lang/String;Ljava/util/Map;)Ljava/lang/String; @ 438
Event: 54.373 Thread 0x000000001e53c800 Uncommon trap: reason=unloaded action=reinterpret pc=0x0000000003625274 method=sun.reflect.generics.factory.CoreReflectionFactory.makeNamedType(Ljava/lang/String;)Ljava/lang/reflect/Type; @ 11
Event: 54.373 Thread 0x000000001e53c800 Uncommon trap: reason=class_check action=maybe_recompile pc=0x000000000398c4cc method=java.lang.Throwable.<init>(Ljava/lang/String;Ljava/lang/Throwable;)V @ 24

Internal exceptions (10 events):
Event: 54.541 Thread 0x000000001e53c800 Exception <a 'java/lang/ClassNotFoundException': org/gradle/plugins/ide/idea/GenerateIdeaWorkspaceCustomizer> (0x000000076d823598) thrown at [C:\src\android\AOSP-openjdk\external\jetbrains\jdk\hotspot\src\share\vm\classfile\systemDictionary.cpp, line 210]
Event: 54.543 Thread 0x000000001e53c800 Exception <a 'java/lang/ClassNotFoundException': org/gradle/plugins/ide/idea/GenerateIdeaWorkspace_DecoratedCustomizer> (0x000000076d85d808) thrown at [C:\src\android\AOSP-openjdk\external\jetbrains\jdk\hotspot\src\share\vm\classfile\systemDictionary.cpp, i¬òš4FK@
Event: 54.548 Thread 0x000000001e53c800 Exception <a 'java/lang/ClassNotFoundException': org/gradle/buildinit/tasks/InitBuild_DecoratedBeanInfo> (0x000000076d900790) thrown at [C:\src\android\AOSP-openjdk\external\jetbrains\jdk\hotspot\src\share\vm\classfile\systemDictionary.cpp, line 210]
Event: 54.549 Thread 0x000000001e53c800 Exception <a 'java/lang/ClassNotFoundException': org/gradle/buildinit/tasks/InitBuildBeanInfo> (0x000000076d91a2d8) thrown at [C:\src\android\AOSP-openjdk\external\jetbrains\jdk\hotspot\src\share\vm\classfile\systemDictionary.cpp, line 210]
Event: 54.550 Thread 0x000000001e53c800 Exception <a 'java/lang/ClassNotFoundException': org/gradle/buildinit/tasks/InitBuildCustomizer> (0x000000076d9345c0) thrown at [C:\src\android\AOSP-openjdk\external\jetbrains\jdk\hotspot\src\share\vm\classfile\systemDictionary.cpp, line 210]
Event: 54.551 Thread 0x000000001e53c800 Exception <a 'java/lang/ClassNotFoundException': org/gradle/buildinit/tasks/InitBuild_DecoratedCustomizer> (0x000000076d973d00) thrown at [C:\src\android\AOSP-openjdk\external\jetbrains\jdk\hotspot\src\share\vm\classfile\systemDictionary.cpp, line 210]
Event: 54.555 Thread 0x000000001e53c800 Exception <a 'java/lang/ClassNotFoundException': org/gradle/api/reporting/model/ModelReport_DecoratedBeanInfo> (0x000000076da00e78) thrown at [C:\src\android\AOSP-openjdk\external\jetbrains\jdk\hotspot\src\share\vm\classfile\systemDictionary.cpp, line 210]Ç0"èGK@
Event: 54.555 Thread 0x000000001e53c800 Exception <a 'java/lang/ClassNotFoundException': org/gradle/api/reporting/model/ModelReportBeanInfo> (0x000000076da1c188) thrown at [C:\src\android\AOSP-openjdk\external\jetbrains\jdk\hotspot\src\share\vm\classfile\systemDictionary.cpp, line 210]
Event: 54.555 Thread 0x000000001e53c800 Exception <a 'java/lang/ClassNotFoundException': org/gradle/api/reporting/model/ModelReportCustomizer> (0x000000076da38a70) thrown at [C:\src\android\AOSP-openjdk\external\jetbrains\jdk\hotspot\src\share\vm\classfile\systemDictionary.cpp, line 210]
Event: 54.557 Thread 0x000000001e53c800 Exception <a 'java/lang/ClassNotFoundException': org/gradle/api/reporting/model/ModelReport_DecoratedCustomizer> (0x000000076da6d918) thrown at [C:\src\android\AOSP-openjdk\external\jetbrains\jdk\hotspot\src\share\vm\classfile\systemDictionary.cpp, line 21

Events (10 events):
Event: 54.555 loading class org/gradle/api/reporting/model/ModelReportCustomizer
Event: 54.555 loading class org/gradle/api/reporting/model/ModelReportCustomizer done
Event: 54.555 loading class org/gradle/api/reporting/model/ModelReportCustomizer
Event: 54.555 loading class org/gradle/api/reporting/model/ModelReportCustomizer done
Event: 54.556 loading class org/gradle/api/reporting/model/ModelReport_DecoratedCustomizer
Event: 54.556 loading class org/gradle/api/reporting/model/ModelReport_DecoratedCustomizer done
Event: 54.556 loading class org/gradle/api/reporting/model/ModelReport_DecoratedCustomizer
Event: 54.556 loading class org/gradle/api/reporting/model/ModelReport_DecoratedCustomizer done
Event: 54.556 loading class org/gradle/api/reporting/model/ModelReport_DecoratedCustomizer
Event: 54.556 loading class org/gradle/api/reporting/model/ModelReport_DecoratedCustomizer done


Dynamic libraries:
0x00007ff7afc10000 - 0x00007ff7afc41000 	C:\Program Files\Android\Android Studio\jre\bin\java.exe
0x00007fff59700000 - 0x00007fff598c2000 	C:\Windows\SYSTEM32\ntdll.dll
0x00007fff57640000 - 0x00007fff576ed000 	C:\Windows\system32\KERNEL32.DLL
0x00007fff56320000 - 0x00007fff564fd000 	C:\Windows\system32\KERNELBASE.dll
0x00007fff579e0000 - 0x00007fff57a86000 	C:\Windows\system32\ADVAPI32.dll
0x00007fff57100000 - 0x00007fff5719d000 	C:\Windows\system32\msvcrt.dll
0x00007fff56f50000 - 0x00007fff56fab000 	C:\Windows\system32\sechost.dll
0x00007fff571c0000 - 0x00007fff572e6000 	C:\Windows\system32\RPCRT4.dll
0x00007fff57aa0000 - 0x00007fff57bee000 	C:\Windows\system32\USER32.dll
0x00007fff56dc0000 - 0x00007fff56f45000 	C:\Windows\system32\GDI32.dll
0x00007fff4a990000 - 0x00007fff4ac04000 	C:\Windows\WinSxS\amd64_microsoft.windows.common-controls_6595b64144ccf1df_6.0.10240.17184_none_f41d7a705752bce6\COMCTL32.dll
0x00007fff576f0000 - 0x00007fff57726000 	C:\Windows\system32\IMM32.DLL
0x00007fff57810000 - 0x00007fff5796c000 	C:\Windows\system32\MSCTF.dll
0x00007fff554c0000 - 0x00007fff554f2000 	C:\Windows\SYSTEM32\ntmarta.dll
0x00007fff55d70000 - 0x00007fff55d9c000 	C:\Windows\SYSTEM32\SspiCli.dll
0x0000000057920000 - 0x00000000579f2000 	C:\Program Files\Android\Android Studio\jre\jre\bin\msvcr100.dll
0x00000000555c0000 - 0x0000000055df4000 	C:\Program Files\Android\Android Studio\jre\jre\bin\server\jvm.dll
0x00007fff57a90000 - 0x00007fff57a98000 	C:\Windows\system32\PSAPI.DLL
0x00007fff4c0c0000 - 0x00007fff4c0c9000 	C:\Windows\SYSTEM32\WSOCK32.dll
0x00007fff54590000 - 0x00007fff545b3000 	C:\Windows\SYSTEM32\WINMM.dll
0x00007fff57970000 - 0x00007fff579d9000 	C:\Windows\system32\WS2_32.dll
0x00007fff57580000 - 0x00007fff57588000 	C:\Windows\system32\NSI.dll
0x00007fff4c1f0000 - 0x00007fff4c1fa000 	C:\Windows\SYSTEM32\VERSION.dll
0x00007fff54560000 - 0x00007fff5458c000 	C:\Windows\SYSTEM32\WINMMBASE.dll
0x00007fff561c0000 - 0x00007fff56204000 	C:\Windows\system32\cfgmgr32.dll
0x00007fff54aa0000 - 0x00007fff54ac7000 	C:\Windows\SYSTEM32\DEVOBJ.dll
0x00007fff46b80000 - 0x00007fff46b8f000 	C:\Program Files\Android\Android Studio\jre\jre\bin\verify.dll
0x00007fff42920000 - 0x00007fff42949000 	C:\Program Files\Android\Android Studio\jre\jre\bin\java.dll
0x00007fff462e0000 - 0x00007fff462f6000 	C:\Program Files\Android\Android Studio\jre\jre\bin\zip.dll
0x00007fff581d0000 - 0x00007fff596f3000 	C:\Windows\system32\SHELL32.dll
0x00007fff56790000 - 0x00007fff56db9000 	C:\Windows\system32\windows.storage.dll
0x00007fff57f50000 - 0x00007fff581cc000 	C:\Windows\system32\combase.dll
0x00007fff57520000 - 0x00007fff57571000 	C:\Windows\system32\shlwapi.dll
0x00007fff561b0000 - 0x00007fff561bf000 	C:\Windows\system32\kernel.appcore.dll
0x00007fff566d0000 - 0x00007fff56783000 	C:\Windows\system32\shcore.dll
0x00007fff56120000 - 0x00007fff5616a000 	C:\Windows\system32\powrprof.dll
0x00007fff56190000 - 0x00007fff561a3000 	C:\Windows\system32\profapi.dll
0x00007fff42af0000 - 0x00007fff42b0a000 	C:\Program Files\Android\Android Studio\jre\jre\bin\net.dll
0x00007fff55990000 - 0x00007fff559ed000 	C:\Windows\system32\mswsock.dll
0x00007fff40fc0000 - 0x00007fff40fd1000 	C:\Program Files\Android\Android Studio\jre\jre\bin\nio.dll
0x00007fff4ad20000 - 0x00007fff4ad3e000 	C:\Users\Android SD-1\.gradle\native\21\windows-amd64\native-platform.dll
0x00007fff4d890000 - 0x00007fff4d89d000 	C:\Program Files\Android\Android Studio\jre\jre\bin\management.dll
0x00007fff559f0000 - 0x00007fff55a07000 	C:\Windows\SYSTEM32\CRYPTSP.dll
0x00007fff55c60000 - 0x00007fff55c88000 	C:\Windows\SYSTEM32\bcrypt.dll
0x00007fff55640000 - 0x00007fff55673000 	C:\Windows\system32\rsaenh.dll
0x00007fff557e0000 - 0x00007fff557ff000 	C:\Windows\SYSTEM32\USERENV.dll
0x00007fff55f70000 - 0x00007fff55fdb000 	C:\Windows\system32\bcryptprimitives.dll
0x00007fff55b60000 - 0x00007fff55b6b000 	C:\Windows\SYSTEM32\CRYPTBASE.dll
0x00007fff546d0000 - 0x00007fff54708000 	C:\Windows\SYSTEM32\IPHLPAPI.DLL
0x00007fff546c0000 - 0x00007fff546cb000 	C:\Windows\SYSTEM32\WINNSI.DLL
0x00007fff50af0000 - 0x00007fff50b06000 	C:\Windows\SYSTEM32\dhcpcsvc6.DLL
0x00007fff50ad0000 - 0x00007fff50aea000 	C:\Windows\SYSTEM32\dhcpcsvc.DLL
0x00007fff37de0000 - 0x00007fff37e04000 	C:\Program Files\Android\Android Studio\jre\jre\bin\sunec.dll
0x00007fff55730000 - 0x00007fff557d8000 	C:\Windows\SYSTEM32\DNSAPI.dll
0x00007fff4c250000 - 0x00007fff4c25a000 	C:\Windows\System32\rasadhlp.dll
0x00007fff4ed20000 - 0x00007fff4ed88000 	C:\Windows\System32\fwpuclnt.dll
0x00007fff49190000 - 0x00007fff4931a000 	C:\Windows\SYSTEM32\dbghelp.dll

VM Arguments:
jvm_args: -XX:MaxPermSize=512m -Xmx4G -Dfile.encoding=windows-1252 -Duser.country=IN -Duser.language=en -Duser.variant 
java_command: org.gradle.launcher.daemon.bootstrap.GradleDaemon 3.1
java_class_path (initial): C:\Users\Android SD-1\.gradle\wrapper\dists\gradle-3.1-all\ejgglywf033yp6s4x8ahmgm74\gradle-3.1\lib\gradle-launcher-3.1.jar
Launcher Type: SUN_STANDARD

Environment Variables:
JAVA_HOME=C:\Program Files\Java\jdk1.8.0_121
PATH=C:\ProgramData\Oracle\Java\javapath;C:\Program Files (x86)\Lenovo\FusionEngine;C:\Windows\system32;C:\Windows;C:\Windows\System32\Wbem;C:\Windows\System32\WindowsPowerShell\v1.0\;C:\Program Files (x86)\Common Files\lenovo\easyplussdk\bin;C:\Program Files (x86)\ATI Technologies\ATI.ACE\Core-Static;C:\Program Files\Git\cmd;C:\Program Files\TortoiseGit\bin;C:\Program Files\PuTTY\;C:\Program Files\Intel\WiFi\bin\;C:\Program Files\Common Files\Intel\WirelessCommon\;C:\Program Files\TortoiseHg\
USERNAME=Android SD-1
OS=Windows_NT
PROCESSOR_IDENTIFIER=Intel64 Family 6 Model 78 Stepping 3, GenuineIntel



---------------  S Y S T E M  ---------------

OS: Windows 10.0 , 64 bit Build 10240 (10.0.10240.17113)

CPU:total 4 (2 cores per cpu, 2 threads per core) family 6 model 78 stepping 3, cmov, cx8, fxsr, mmx, sse, sse2, sse3, ssse3, sse4.1, sse4.2, popcnt, avx, avx2, aes, clmul, erms, 3dnowpref, lzcnt, ht, tsc, tscinvbit, bmi1, bmi2, adx

Memory: 4k page, physical 8245152k(1527064k free), swap 17734264k(5041272k free)

vm_info: OpenJDK 64-Bit Server VM (25.76-b03) for windows-amd64 JRE (1.8.0_76-release-b03), built on Jun 29 2016 19:09:20 by "ralucas" with MS VC++ 10.0 (VS2010)

time: Sat Mar 18 17:53:01 2017
elapsed time: 54 seconds (0d 0h 0m 54s)

